
Showing logs for build [32mcb-kubecd-environment-pr-248-4-9gxsm-1[0m stage [32mfrom-build-pack[0m and container [32mstep-credential-initializer-lm584[0m
{"level":"info","ts":1593657950.5319014,"logger":"fallback-logger","caller":"logging/config.go:69","msg":"Fetch GitHub commit ID from kodata failed: open /var/run/ko/refs/heads/0.8.0-ns-support: no such file or directory"}
{"level":"info","ts":1593657950.532934,"logger":"fallback-logger","caller":"creds-init/main.go:40","msg":"Credentials initialized."}

Showing logs for build [32mcb-kubecd-environment-pr-248-4-9gxsm-1[0m stage [32mfrom-build-pack[0m and container [32mstep-working-dir-initializer-mxntf[0m
{"level":"info","ts":1593657952.0925727,"logger":"fallback-logger","caller":"logging/config.go:69","msg":"Fetch GitHub commit ID from kodata failed: open /var/run/ko/HEAD: no such file or directory"}
{"level":"info","ts":1593657952.0941224,"logger":"fallback-logger","caller":"bash/main.go:64","msg":"Successfully executed command \"sh -c mkdir -p /workspace/source\"; output "}

Showing logs for build [32mcb-kubecd-environment-pr-248-4-9gxsm-1[0m stage [32mfrom-build-pack[0m and container [32mstep-place-tools[0m

Showing logs for build [32mcb-kubecd-environment-pr-248-4-9gxsm-1[0m stage [32mfrom-build-pack[0m and container [32mstep-git-source-cb-kubecd-environment-pr-248-4-9gxsm-8dz8h[0m
{"level":"info","ts":1593657958.57104,"logger":"fallback-logger","caller":"logging/config.go:69","msg":"Fetch GitHub commit ID from kodata failed: open /var/run/ko/refs/heads/0.8.0-ns-support: no such file or directory"}
{"level":"info","ts":1593657959.6604214,"logger":"fallback-logger","caller":"git/git.go:103","msg":"Successfully cloned https://github.com/cb-kubecd/environment-pr-248-4-gke-upgrade-staging.git @ master in path /workspace/source"}

Showing logs for build [32mcb-kubecd-environment-pr-248-4-9gxsm-1[0m stage [32mfrom-build-pack[0m and container [32mstep-setup-builder-home[0m

Showing logs for build [32mcb-kubecd-environment-pr-248-4-9gxsm-1[0m stage [32mfrom-build-pack[0m and container [32mstep-git-merge[0m
Using SHAs from PULL_REFS=master:6b2dae6d009908b6d8cdf5990c5008eb8852fa59,1:65adf0c263bd3f9732332e9ce70ddd97879ce2be
DEBUG: LC_ALL=C JX_LOG_LEVEL=error git fetch origin --unshallow 65adf0c263bd3f9732332e9ce70ddd97879ce2be: 6b2dae6d009908b6d8cdf5990c5008eb8852fa59:
DEBUG: ran git fetch --unshallow origin 65adf0c263bd3f9732332e9ce70ddd97879ce2be: 6b2dae6d009908b6d8cdf5990c5008eb8852fa59: in 
DEBUG: LC_ALL=C JX_LOG_LEVEL=error git branch
DEBUG: LC_ALL=C JX_LOG_LEVEL=error git checkout master
DEBUG: ran git checkout master in 
DEBUG: JX_LOG_LEVEL=error LC_ALL=C git reset --hard 6b2dae6d009908b6d8cdf5990c5008eb8852fa59
DEBUG: ran git reset --hard 6b2dae6d009908b6d8cdf5990c5008eb8852fa59 in 
DEBUG: LC_ALL=C JX_LOG_LEVEL=error git clean -fd .
DEBUG: ran clean --force -d . in 
DEBUG: LC_ALL=C JX_LOG_LEVEL=error git merge 65adf0c263bd3f9732332e9ce70ddd97879ce2be
DEBUG: ran git merge 65adf0c263bd3f9732332e9ce70ddd97879ce2be in 
DEBUG: LC_ALL=C JX_LOG_LEVEL=error git log --format=%H%x1f%an%x1f%ae%x1f%cn%x1f%ce%x1f%s%n%b%x1e 6b2dae6d009908b6d8cdf5990c5008eb8852fa59..HEAD
Merged SHA 65adf0c263bd3f9732332e9ce70ddd97879ce2be with commit message 'chore: Promote bdd-spring-1593657627 to version 0.0.1' into base branch master

Showing logs for build [32mcb-kubecd-environment-pr-248-4-9gxsm-1[0m stage [32mfrom-build-pack[0m and container [32mstep-build-helm-build[0m
WARNING: No $CHART_REPOSITORY defined so using the default value of: http://jenkins-x-chartmuseum:8080
Adding missing Helm repo: storage.googleapis.com https://storage.googleapis.com/chartmuseum.jenkins-x.io
WARNING: No secrets found on "helm/repos" due: reading the secret "helm/repos" from vault: no secret "helm/repos" not found in vault
Read credentials for https://storage.googleapis.com/chartmuseum.jenkins-x.io from vault helm/repos
Successfully added Helm repository storage.googleapis.com.
Adding missing Helm repo: jenkins-x-chartmuseum http://jenkins-x-chartmuseum:8080
WARNING: No secrets found on "helm/repos" due: reading the secret "helm/repos" from vault: no secret "helm/repos" not found in vault
Read credentials for http://jenkins-x-chartmuseum:8080 from vault helm/repos
Successfully added Helm repository jenkins-x-chartmuseum.
WARNING: No $CHART_REPOSITORY defined so using the default value of: http://jenkins-x-chartmuseum:8080
Adding missing Helm repo: chartmuseum.jenkins-x.io http://chartmuseum.jenkins-x.io
WARNING: No secrets found on "helm/repos" due: reading the secret "helm/repos" from vault: no secret "helm/repos" not found in vault
Read credentials for http://chartmuseum.jenkins-x.io from vault helm/repos
Successfully added Helm repository chartmuseum.jenkins-x.io.
